[0.108s] DEBUG:colcon:Command line arguments: ['/usr/bin/colcon', 'list', '-p', '--base-paths', '/home/teodor/GitHub/rl-mobile-robotics']
[0.108s] DEBUG:colcon:Parsed command line arguments: Namespace(log_base=None, log_level=None, verb_name='list', build_base='build', ignore_user_meta=False, metas=['./colcon.meta'], base_paths=['/home/teodor/GitHub/rl-mobile-robotics'], packages_ignore=None, packages_ignore_regex=None, paths=None, packages_up_to=None, packages_up_to_regex=None, packages_above=None, packages_above_and_dependencies=None, packages_above_depth=None, packages_select_by_dep=None, packages_skip_by_dep=None, packages_skip_up_to=None, packages_select_build_failed=False, packages_skip_build_finished=False, packages_select_test_failures=False, packages_skip_test_passed=False, packages_select=None, packages_skip=None, packages_select_regex=None, packages_skip_regex=None, packages_start=None, packages_end=None, allow_overriding=[], topological_order=False, names_only=False, paths_only=True, topological_graph=False, topological_graph_dot=False, topological_graph_density=False, topological_graph_legend=False, topological_graph_dot_cluster=False, topological_graph_dot_include_skipped=False, verb_parser=<colcon_defaults.argument_parser.defaults.DefaultArgumentsDecorator object at 0x773d2b0f9f30>, verb_extension=<colcon_package_information.verb.list.ListVerb object at 0x773d2b2b2c20>, main=<bound method ListVerb.main of <colcon_package_information.verb.list.ListVerb object at 0x773d2b2b2c20>>)
[0.269s] Level 1:colcon.colcon_core.package_discovery:discover_packages(colcon_meta) check parameters
[0.269s] Level 1:colcon.colcon_core.package_discovery:discover_packages(recursive) check parameters
[0.269s] Level 1:colcon.colcon_core.package_discovery:discover_packages(ignore) check parameters
[0.269s] Level 1:colcon.colcon_core.package_discovery:discover_packages(path) check parameters
[0.269s] Level 1:colcon.colcon_core.package_discovery:discover_packages(recursive) discover
[0.269s] INFO:colcon.colcon_core.package_discovery:Crawling recursively for packages in '/home/teodor/GitHub/rl-mobile-robotics'
[0.269s] Level 1:colcon.colcon_core.package_identification:_identify(/home/teodor/GitHub/rl-mobile-robotics) by extensions ['ignore', 'ignore_ament_install']
[0.269s] Level 1:colcon.colcon_core.package_identification:_identify(/home/teodor/GitHub/rl-mobile-robotics) by extension 'ignore'
[0.269s] Level 1:colcon.colcon_core.package_identification:_identify(/home/teodor/GitHub/rl-mobile-robotics) by extension 'ignore_ament_install'
[0.269s] Level 1:colcon.colcon_core.package_identification:_identify(/home/teodor/GitHub/rl-mobile-robotics) by extensions ['colcon_pkg']
[0.269s] Level 1:colcon.colcon_core.package_identification:_identify(/home/teodor/GitHub/rl-mobile-robotics) by extension 'colcon_pkg'
[0.269s] Level 1:colcon.colcon_core.package_identification:_identify(/home/teodor/GitHub/rl-mobile-robotics) by extensions ['colcon_meta']
[0.270s] Level 1:colcon.colcon_core.package_identification:_identify(/home/teodor/GitHub/rl-mobile-robotics) by extension 'colcon_meta'
[0.270s] Level 1:colcon.colcon_core.package_identification:_identify(/home/teodor/GitHub/rl-mobile-robotics) by extensions ['ros']
[0.270s] Level 1:colcon.colcon_core.package_identification:_identify(/home/teodor/GitHub/rl-mobile-robotics) by extension 'ros'
[0.283s] Level 1:colcon.colcon_core.package_identification:_identify(/home/teodor/GitHub/rl-mobile-robotics) by extensions ['cmake', 'python']
[0.283s] Level 1:colcon.colcon_core.package_identification:_identify(/home/teodor/GitHub/rl-mobile-robotics) by extension 'cmake'
[0.283s] Level 1:colcon.colcon_core.package_identification:_identify(/home/teodor/GitHub/rl-mobile-robotics) by extension 'python'
[0.283s] Level 1:colcon.colcon_core.package_identification:_identify(/home/teodor/GitHub/rl-mobile-robotics) by extensions ['python_setup_py']
[0.283s] Level 1:colcon.colcon_core.package_identification:_identify(/home/teodor/GitHub/rl-mobile-robotics) by extension 'python_setup_py'
[0.283s] Level 1:colcon.colcon_core.package_identification:_identify(/home/teodor/GitHub/rl-mobile-robotics/build) by extensions ['ignore', 'ignore_ament_install']
[0.283s] Level 1:colcon.colcon_core.package_identification:_identify(/home/teodor/GitHub/rl-mobile-robotics/build) by extension 'ignore'
[0.283s] Level 1:colcon.colcon_core.package_identification:_identify(/home/teodor/GitHub/rl-mobile-robotics/build) ignored
[0.283s] Level 1:colcon.colcon_core.package_identification:_identify(/home/teodor/GitHub/rl-mobile-robotics/install) by extensions ['ignore', 'ignore_ament_install']
[0.284s] Level 1:colcon.colcon_core.package_identification:_identify(/home/teodor/GitHub/rl-mobile-robotics/install) by extension 'ignore'
[0.284s] Level 1:colcon.colcon_core.package_identification:_identify(/home/teodor/GitHub/rl-mobile-robotics/install) ignored
[0.284s] Level 1:colcon.colcon_core.package_identification:_identify(/home/teodor/GitHub/rl-mobile-robotics/log) by extensions ['ignore', 'ignore_ament_install']
[0.284s] Level 1:colcon.colcon_core.package_identification:_identify(/home/teodor/GitHub/rl-mobile-robotics/log) by extension 'ignore'
[0.284s] Level 1:colcon.colcon_core.package_identification:_identify(/home/teodor/GitHub/rl-mobile-robotics/log) ignored
[0.284s] Level 1:colcon.colcon_core.package_identification:_identify(/home/teodor/GitHub/rl-mobile-robotics/src) by extensions ['ignore', 'ignore_ament_install']
[0.284s] Level 1:colcon.colcon_core.package_identification:_identify(/home/teodor/GitHub/rl-mobile-robotics/src) by extension 'ignore'
[0.284s] Level 1:colcon.colcon_core.package_identification:_identify(/home/teodor/GitHub/rl-mobile-robotics/src) by extension 'ignore_ament_install'
[0.284s] Level 1:colcon.colcon_core.package_identification:_identify(/home/teodor/GitHub/rl-mobile-robotics/src) by extensions ['colcon_pkg']
[0.284s] Level 1:colcon.colcon_core.package_identification:_identify(/home/teodor/GitHub/rl-mobile-robotics/src) by extension 'colcon_pkg'
[0.284s] Level 1:colcon.colcon_core.package_identification:_identify(/home/teodor/GitHub/rl-mobile-robotics/src) by extensions ['colcon_meta']
[0.284s] Level 1:colcon.colcon_core.package_identification:_identify(/home/teodor/GitHub/rl-mobile-robotics/src) by extension 'colcon_meta'
[0.284s] Level 1:colcon.colcon_core.package_identification:_identify(/home/teodor/GitHub/rl-mobile-robotics/src) by extensions ['ros']
[0.284s] Level 1:colcon.colcon_core.package_identification:_identify(/home/teodor/GitHub/rl-mobile-robotics/src) by extension 'ros'
[0.284s] Level 1:colcon.colcon_core.package_identification:_identify(/home/teodor/GitHub/rl-mobile-robotics/src) by extensions ['cmake', 'python']
[0.284s] Level 1:colcon.colcon_core.package_identification:_identify(/home/teodor/GitHub/rl-mobile-robotics/src) by extension 'cmake'
[0.285s] Level 1:colcon.colcon_core.package_identification:_identify(/home/teodor/GitHub/rl-mobile-robotics/src) by extension 'python'
[0.285s] Level 1:colcon.colcon_core.package_identification:_identify(/home/teodor/GitHub/rl-mobile-robotics/src) by extensions ['python_setup_py']
[0.285s] Level 1:colcon.colcon_core.package_identification:_identify(/home/teodor/GitHub/rl-mobile-robotics/src) by extension 'python_setup_py'
[0.285s] Level 1:colcon.colcon_core.package_identification:_identify(/home/teodor/GitHub/rl-mobile-robotics/src/rasptank_sim_env_pkg) by extensions ['ignore', 'ignore_ament_install']
[0.285s] Level 1:colcon.colcon_core.package_identification:_identify(/home/teodor/GitHub/rl-mobile-robotics/src/rasptank_sim_env_pkg) by extension 'ignore'
[0.285s] Level 1:colcon.colcon_core.package_identification:_identify(/home/teodor/GitHub/rl-mobile-robotics/src/rasptank_sim_env_pkg) by extension 'ignore_ament_install'
[0.285s] Level 1:colcon.colcon_core.package_identification:_identify(/home/teodor/GitHub/rl-mobile-robotics/src/rasptank_sim_env_pkg) by extensions ['colcon_pkg']
[0.285s] Level 1:colcon.colcon_core.package_identification:_identify(/home/teodor/GitHub/rl-mobile-robotics/src/rasptank_sim_env_pkg) by extension 'colcon_pkg'
[0.285s] Level 1:colcon.colcon_core.package_identification:_identify(/home/teodor/GitHub/rl-mobile-robotics/src/rasptank_sim_env_pkg) by extensions ['colcon_meta']
[0.285s] Level 1:colcon.colcon_core.package_identification:_identify(/home/teodor/GitHub/rl-mobile-robotics/src/rasptank_sim_env_pkg) by extension 'colcon_meta'
[0.285s] Level 1:colcon.colcon_core.package_identification:_identify(/home/teodor/GitHub/rl-mobile-robotics/src/rasptank_sim_env_pkg) by extensions ['ros']
[0.285s] Level 1:colcon.colcon_core.package_identification:_identify(/home/teodor/GitHub/rl-mobile-robotics/src/rasptank_sim_env_pkg) by extension 'ros'
[0.288s] DEBUG:colcon.colcon_core.package_identification:Package '/home/teodor/GitHub/rl-mobile-robotics/src/rasptank_sim_env_pkg' with type 'ros.ament_python' and name 'rasptank_sim_env_pkg'
[0.288s] Level 1:colcon.colcon_core.package_discovery:discover_packages(recursive) using defaults
