running egg_info
creating ../../build/rasptank_sim_env_pkg/rasptank_sim_env_pkg.egg-info
writing ../../build/rasptank_sim_env_pkg/rasptank_sim_env_pkg.egg-info/PKG-INFO
writing dependency_links to ../../build/rasptank_sim_env_pkg/rasptank_sim_env_pkg.egg-info/dependency_links.txt
writing entry points to ../../build/rasptank_sim_env_pkg/rasptank_sim_env_pkg.egg-info/entry_points.txt
writing requirements to ../../build/rasptank_sim_env_pkg/rasptank_sim_env_pkg.egg-info/requires.txt
writing top-level names to ../../build/rasptank_sim_env_pkg/rasptank_sim_env_pkg.egg-info/top_level.txt
writing manifest file '../../build/rasptank_sim_env_pkg/rasptank_sim_env_pkg.egg-info/SOURCES.txt'
reading manifest file '../../build/rasptank_sim_env_pkg/rasptank_sim_env_pkg.egg-info/SOURCES.txt'
writing manifest file '../../build/rasptank_sim_env_pkg/rasptank_sim_env_pkg.egg-info/SOURCES.txt'
running build
running build_py
creating /home/teodor/GitHub/rl-mobile-robotics/build/rasptank_sim_env_pkg/build
creating /home/teodor/GitHub/rl-mobile-robotics/build/rasptank_sim_env_pkg/build/lib
creating /home/teodor/GitHub/rl-mobile-robotics/build/rasptank_sim_env_pkg/build/lib/rasptank_sim_env_pkg
copying rasptank_sim_env_pkg/__init__.py -> /home/teodor/GitHub/rl-mobile-robotics/build/rasptank_sim_env_pkg/build/lib/rasptank_sim_env_pkg
running install
running install_lib
creating /home/teodor/GitHub/rl-mobile-robotics/install/rasptank_sim_env_pkg/lib/python3.10/site-packages/rasptank_sim_env_pkg
copying /home/teodor/GitHub/rl-mobile-robotics/build/rasptank_sim_env_pkg/build/lib/rasptank_sim_env_pkg/__init__.py -> /home/teodor/GitHub/rl-mobile-robotics/install/rasptank_sim_env_pkg/lib/python3.10/site-packages/rasptank_sim_env_pkg
byte-compiling /home/teodor/GitHub/rl-mobile-robotics/install/rasptank_sim_env_pkg/lib/python3.10/site-packages/rasptank_sim_env_pkg/__init__.py to __init__.cpython-310.pyc
running install_data
creating /home/teodor/GitHub/rl-mobile-robotics/install/rasptank_sim_env_pkg/share/ament_index
creating /home/teodor/GitHub/rl-mobile-robotics/install/rasptank_sim_env_pkg/share/ament_index/resource_index
creating /home/teodor/GitHub/rl-mobile-robotics/install/rasptank_sim_env_pkg/share/ament_index/resource_index/packages
copying resource/rasptank_sim_env_pkg -> /home/teodor/GitHub/rl-mobile-robotics/install/rasptank_sim_env_pkg/share/ament_index/resource_index/packages
copying package.xml -> /home/teodor/GitHub/rl-mobile-robotics/install/rasptank_sim_env_pkg/share/rasptank_sim_env_pkg
running install_egg_info
Copying ../../build/rasptank_sim_env_pkg/rasptank_sim_env_pkg.egg-info to /home/teodor/GitHub/rl-mobile-robotics/install/rasptank_sim_env_pkg/lib/python3.10/site-packages/rasptank_sim_env_pkg-0.0.0-py3.10.egg-info
running install_scripts
writing list of installed files to '/home/teodor/GitHub/rl-mobile-robotics/build/rasptank_sim_env_pkg/install.log'
